[2023-11-18T12:22:36.126104+01:00] app_workshop.ERROR: Error connection db: SQLSTATE[HY000] [2002] php_network_getaddresses: getaddrinfo for localhos failed: Host desconocido.  [] []
[2023-11-18T12:26:44.625059+01:00] app_workshop.ERROR: Error connection db: SQLSTATE[HY000] [2002] php_network_getaddresses: getaddrinfo for localhos failed: Host desconocido.  [] []
[2023-11-18T12:27:26.125642+01:00] app_workshop.INFO: Connection successfully [] []
[2023-11-18T12:27:29.895415+01:00] app_workshop.INFO: Record inserted successfully [] []
[2023-11-18T12:27:29.895415+01:00] app_workshop.INFO: Record inserted successfully [] []
[2023-11-18T12:31:39.436852+01:00] app_workshop.INFO: Connection successfully [] []
[2023-11-18T12:31:39.440209+01:00] app_workshop.INFO: Got reparation: f7a0e7cb-043c-42bf-99a8-a5fc45251205 [] []
[2023-11-18T12:31:39.440209+01:00] app_workshop.INFO: Got reparation: f7a0e7cb-043c-42bf-99a8-a5fc45251205 [] []
[2023-11-18T12:35:33.341808+01:00] app_workshop.INFO: Connection successfully [] []
[2023-11-18T12:35:33.345009+01:00] app_workshop.WARNING: Reparation doesn't exist: c80fc94c-d8bf-410e-99a2-e46262f66910 [] []
[2023-11-18T12:35:33.345009+01:00] app_workshop.WARNING: Reparation doesn't exist: c80fc94c-d8bf-410e-99a2-e46262f66910 [] []
[2023-11-18T12:38:08.603858+01:00] app_workshop.INFO: Connection successfully [] []
[2023-11-18T12:38:08.606801+01:00] app_workshop.WARNING: Reparation doesn't exist: c80fc94c-d8bf-410e-99a2-e46262f66910 [] []
[2023-11-18T12:38:08.606801+01:00] app_workshop.WARNING: Reparation doesn't exist: c80fc94c-d8bf-410e-99a2-e46262f66910 [] []
[2023-11-18T12:38:12.353440+01:00] app_workshop.INFO: Record inserted successfully [] []
[2023-11-18T12:38:12.353440+01:00] app_workshop.INFO: Record inserted successfully [] []
[2023-11-18T12:38:16.961715+01:00] app_workshop.INFO: Connection successfully [] []
[2023-11-18T12:38:16.963767+01:00] app_workshop.INFO: Got reparation: 55f77bdf-481b-4243-916c-81ef3557e3f6 [] []
[2023-11-18T12:38:16.963767+01:00] app_workshop.INFO: Got reparation: 55f77bdf-481b-4243-916c-81ef3557e3f6 [] []
[2023-11-18T12:42:25.631596+01:00] app_workshop.INFO: Connection successfully [] []
[2023-11-18T12:42:25.634666+01:00] app_workshop.INFO: Got reparation: 55f77bdf-481b-4243-916c-81ef3557e3f6 [] []
[2023-11-18T12:42:25.634666+01:00] app_workshop.INFO: Got reparation: 55f77bdf-481b-4243-916c-81ef3557e3f6 [] []
[2023-11-18T12:42:29.510222+01:00] app_workshop.INFO: Record inserted successfully [] []
[2023-11-18T12:42:29.510222+01:00] app_workshop.INFO: Record inserted successfully [] []
[2023-11-18T12:42:29.510222+01:00] app_workshop.INFO: Record inserted successfully [] []
[2023-11-18T12:42:36.426332+01:00] app_workshop.INFO: Connection successfully [] []
[2023-11-18T12:42:36.429609+01:00] app_workshop.INFO: Got reparation: 6359d644-f28d-41b4-8ca6-3206ac609a4a [] []
[2023-11-18T12:42:36.429609+01:00] app_workshop.INFO: Got reparation: 6359d644-f28d-41b4-8ca6-3206ac609a4a [] []
[2023-11-18T12:43:59.827290+01:00] app_workshop.INFO: Connection successfully [] []
[2023-11-18T12:43:59.829678+01:00] app_workshop.INFO: Got reparation: 6359d644-f28d-41b4-8ca6-3206ac609a4a [] []
[2023-11-18T12:43:59.829678+01:00] app_workshop.INFO: Got reparation: 6359d644-f28d-41b4-8ca6-3206ac609a4a [] []
[2023-11-18T12:44:47.281370+01:00] app_workshop.INFO: Connection successfully [] []
[2023-11-18T12:44:47.284683+01:00] app_workshop.INFO: Got reparation: 6359d644-f28d-41b4-8ca6-3206ac609a4a [] []
[2023-11-18T12:44:47.284683+01:00] app_workshop.INFO: Got reparation: 6359d644-f28d-41b4-8ca6-3206ac609a4a [] []
[2023-11-18T12:44:51.532971+01:00] app_workshop.INFO: Record inserted successfully [] []
[2023-11-18T12:44:51.532971+01:00] app_workshop.INFO: Record inserted successfully [] []
[2023-11-18T12:44:51.532971+01:00] app_workshop.INFO: Record inserted successfully [] []
[2023-11-18T12:48:39.569794+01:00] app_workshop.INFO: Connection successfully [] []
[2023-11-18T12:48:39.573323+01:00] app_workshop.INFO: Got reparation: d117cb0b-b83e-49e7-b0d4-6fd2159c9791 [] []
[2023-11-18T12:48:39.573323+01:00] app_workshop.INFO: Got reparation: d117cb0b-b83e-49e7-b0d4-6fd2159c9791 [] []
[2023-11-18T12:50:06.649592+01:00] app_workshop.INFO: Connection successfully [] []
[2023-11-18T12:50:06.652681+01:00] app_workshop.INFO: Got reparation: 6359d644-f28d-41b4-8ca6-3206ac609a4a [] []
[2023-11-18T12:50:06.652681+01:00] app_workshop.INFO: Got reparation: 6359d644-f28d-41b4-8ca6-3206ac609a4a [] []
[2023-11-18T12:50:08.546809+01:00] app_workshop.INFO: Connection successfully [] []
[2023-11-18T12:50:08.549079+01:00] app_workshop.INFO: Got reparation: 55f77bdf-481b-4243-916c-81ef3557e3f6 [] []
[2023-11-18T12:50:08.549079+01:00] app_workshop.INFO: Got reparation: 55f77bdf-481b-4243-916c-81ef3557e3f6 [] []
[2023-11-18T12:50:09.850583+01:00] app_workshop.INFO: Connection successfully [] []
[2023-11-18T12:50:09.852569+01:00] app_workshop.WARNING: Reparation doesn't exist: c80fc94c-d8bf-410e-99a2-e46262f66910 [] []
[2023-11-18T12:50:09.852569+01:00] app_workshop.WARNING: Reparation doesn't exist: c80fc94c-d8bf-410e-99a2-e46262f66910 [] []
[2023-11-18T12:50:10.868921+01:00] app_workshop.INFO: Connection successfully [] []
[2023-11-18T12:50:10.871319+01:00] app_workshop.INFO: Got reparation: f7a0e7cb-043c-42bf-99a8-a5fc45251205 [] []
[2023-11-18T12:50:10.871319+01:00] app_workshop.INFO: Got reparation: f7a0e7cb-043c-42bf-99a8-a5fc45251205 [] []
[2023-11-18T12:50:35.402733+01:00] app_workshop.INFO: Connection successfully [] []
[2023-11-18T12:50:53.525434+01:00] app_workshop.INFO: Connection successfully [] []
[2023-11-18T12:50:53.528700+01:00] app_workshop.INFO: Got reparation: d117cb0b-b83e-49e7-b0d4-6fd2159c9791 [] []
[2023-11-18T12:50:53.528700+01:00] app_workshop.INFO: Got reparation: d117cb0b-b83e-49e7-b0d4-6fd2159c9791 [] []
[2023-11-18T12:52:01.043151+01:00] app_workshop.INFO: Connection successfully [] []
[2023-11-18T12:52:01.046284+01:00] app_workshop.INFO: Got reparation: d117cb0b-b83e-49e7-b0d4-6fd2159c9791 [] []
[2023-11-18T12:52:01.046284+01:00] app_workshop.INFO: Got reparation: d117cb0b-b83e-49e7-b0d4-6fd2159c9791 [] []
[2023-11-18T12:55:10.995165+01:00] app_workshop.INFO: Connection successfully [] []
[2023-11-18T12:55:10.998423+01:00] app_workshop.INFO: Got reparation: d117cb0b-b83e-49e7-b0d4-6fd2159c9791 [] []
[2023-11-18T12:55:10.998423+01:00] app_workshop.INFO: Got reparation: d117cb0b-b83e-49e7-b0d4-6fd2159c9791 [] []
[2023-11-18T12:55:15.590343+01:00] app_workshop.INFO: Connection successfully [] []
[2023-11-18T12:55:15.592337+01:00] app_workshop.WARNING: Reparation doesn't exist:  [] []
[2023-11-18T12:55:15.592337+01:00] app_workshop.WARNING: Reparation doesn't exist:  [] []
[2023-11-18T12:55:18.889795+01:00] app_workshop.INFO: Connection successfully [] []
[2023-11-18T12:55:45.021265+01:00] app_workshop.INFO: Connection successfully [] []
[2023-11-18T13:01:05.374180+01:00] app_workshop.INFO: Connection successfully [] []
[2023-11-18T13:06:00.074452+01:00] app_workshop.INFO: Connection successfully [] []
[2023-11-18T13:06:08.460005+01:00] app_workshop.INFO: Connection successfully [] []
[2023-11-18T13:06:12.154823+01:00] app_workshop.INFO: Record inserted successfully [] []
[2023-11-18T13:06:12.154823+01:00] app_workshop.INFO: Record inserted successfully [] []
[2023-11-18T13:06:21.175266+01:00] app_workshop.INFO: Connection successfully [] []
[2023-11-18T13:06:28.299339+01:00] app_workshop.INFO: Connection successfully [] []
[2023-11-18T13:06:39.447910+01:00] app_workshop.INFO: Connection successfully [] []
[2023-11-18T13:08:02.196252+01:00] app_workshop.INFO: Connection successfully [] []
[2023-11-21T19:16:07.176461+01:00] app_workshop.INFO: Connection successfully [] []
[2023-11-21T19:16:13.226470+01:00] app_workshop.INFO: Connection successfully [] []
[2023-11-21T19:16:19.091442+01:00] app_workshop.INFO: Connection successfully [] []
[2023-11-21T19:16:22.272624+01:00] app_workshop.INFO: Connection successfully [] []
[2023-11-21T19:16:48.725292+01:00] app_workshop.INFO: Connection successfully [] []
[2023-11-21T19:16:56.862530+01:00] app_workshop.INFO: Record inserted successfully [] []
[2023-11-21T19:16:56.862530+01:00] app_workshop.INFO: Record inserted successfully [] []
[2023-11-21T19:17:03.878993+01:00] app_workshop.INFO: Connection successfully [] []
[2023-11-21T19:17:03.881840+01:00] app_workshop.INFO: Got reparation: 532ad58d-a9da-4946-892f-29a9924461a6 [] []
[2023-11-21T19:17:03.881840+01:00] app_workshop.INFO: Got reparation: 532ad58d-a9da-4946-892f-29a9924461a6 [] []
[2023-11-21T19:17:21.604725+01:00] app_workshop.INFO: Connection successfully [] []
[2023-11-21T19:17:23.642553+01:00] app_workshop.INFO: Connection successfully [] []
[2023-11-21T19:17:23.648008+01:00] app_workshop.INFO: Got reparation: 532ad58d-a9da-4946-892f-29a9924461a6 [] []
[2023-11-21T19:17:23.648008+01:00] app_workshop.INFO: Got reparation: 532ad58d-a9da-4946-892f-29a9924461a6 [] []
[2023-11-21T19:18:02.326237+01:00] app_workshop.INFO: Connection successfully [] []
[2023-11-21T19:18:06.591592+01:00] app_workshop.INFO: Connection successfully [] []
[2023-11-21T19:18:27.957350+01:00] app_workshop.INFO: Connection successfully [] []
[2023-11-21T19:18:34.694773+01:00] app_workshop.INFO: Record inserted successfully [] []
[2023-11-21T19:18:34.694773+01:00] app_workshop.INFO: Record inserted successfully [] []
[2023-11-21T19:18:39.090776+01:00] app_workshop.INFO: Connection successfully [] []
[2023-11-21T19:18:39.096512+01:00] app_workshop.INFO: Got reparation: 9074abc6-ac26-4887-b669-fe5a61eda482 [] []
[2023-11-21T19:18:39.096512+01:00] app_workshop.INFO: Got reparation: 9074abc6-ac26-4887-b669-fe5a61eda482 [] []
[2023-11-21T19:21:06.427464+01:00] app_workshop.INFO: Connection successfully [] []
[2023-11-21T19:21:06.430961+01:00] app_workshop.INFO: Got reparation: 9074abc6-ac26-4887-b669-fe5a61eda482 [] []
[2023-11-21T19:21:06.430961+01:00] app_workshop.INFO: Got reparation: 9074abc6-ac26-4887-b669-fe5a61eda482 [] []
[2023-11-21T19:21:09.740766+01:00] app_workshop.INFO: Connection successfully [] []
[2023-11-21T19:21:11.179127+01:00] app_workshop.INFO: Connection successfully [] []
[2023-11-21T19:21:11.182679+01:00] app_workshop.INFO: Got reparation: 9074abc6-ac26-4887-b669-fe5a61eda482 [] []
[2023-11-21T19:21:11.182679+01:00] app_workshop.INFO: Got reparation: 9074abc6-ac26-4887-b669-fe5a61eda482 [] []
[2023-11-21T19:21:42.469376+01:00] app_workshop.INFO: Connection successfully [] []
[2023-11-21T19:21:54.751156+01:00] app_workshop.INFO: Connection successfully [] []
[2023-11-21T19:27:22.103962+01:00] app_workshop.INFO: Connection successfully [] []
[2023-11-21T19:27:36.309219+01:00] app_workshop.INFO: Connection successfully [] []
[2023-11-21T19:27:43.435642+01:00] app_workshop.INFO: Record inserted successfully [] []
[2023-11-21T19:27:43.435642+01:00] app_workshop.INFO: Record inserted successfully [] []
[2023-11-21T19:31:51.984114+01:00] app_workshop.INFO: Connection successfully [] []
[2023-11-21T19:31:59.095411+01:00] app_workshop.INFO: Record inserted successfully [] []
[2023-11-21T19:31:59.095411+01:00] app_workshop.INFO: Record inserted successfully [] []
[2023-11-21T19:32:10.955208+01:00] app_workshop.INFO: Connection successfully [] []
[2023-11-21T19:32:17.828948+01:00] app_workshop.INFO: Record inserted successfully [] []
[2023-11-21T19:32:17.828948+01:00] app_workshop.INFO: Record inserted successfully [] []
[2023-11-21T19:33:00.293708+01:00] app_workshop.INFO: Connection successfully [] []
[2023-11-21T19:33:07.195021+01:00] app_workshop.INFO: Record inserted successfully [] []
[2023-11-21T19:33:07.195021+01:00] app_workshop.INFO: Record inserted successfully [] []
[2023-11-21T19:33:09.652773+01:00] app_workshop.INFO: Connection successfully [] []
[2023-11-21T19:33:16.376466+01:00] app_workshop.ERROR: Error inserting a record: SQLSTATE[23000]: Integrity constraint violation: 1062 Duplicate entry '1' for key 'PRIMARY' [] []
[2023-11-21T19:33:16.376466+01:00] app_workshop.ERROR: Error inserting a record: SQLSTATE[23000]: Integrity constraint violation: 1062 Duplicate entry '1' for key 'PRIMARY' [] []
